[2012-11-23 20:45:30] security.INFO: Populated SecurityContext with an anonymous Token [] []
[2012-11-23 20:45:30] request.ERROR: Symfony\Component\HttpKernel\Exception\NotFoundHttpException: No route found for "GET /app" (uncaught exception) at /var/www/Symfony/vendor/symfony/src/Symfony/Bundle/FrameworkBundle/EventListener/RouterListener.php line 83 [] []
[2012-11-23 20:46:23] security.INFO: Populated SecurityContext with an anonymous Token [] []
[2012-11-23 20:46:23] request.ERROR: Symfony\Component\HttpKernel\Exception\NotFoundHttpException: No route found for "GET /app" (uncaught exception) at /var/www/Symfony/vendor/symfony/src/Symfony/Bundle/FrameworkBundle/EventListener/RouterListener.php line 83 [] []
[2012-11-23 20:46:24] security.INFO: Populated SecurityContext with an anonymous Token [] []
[2012-11-23 20:46:24] request.ERROR: Symfony\Component\HttpKernel\Exception\NotFoundHttpException: No route found for "GET /app" (uncaught exception) at /var/www/Symfony/app/cache/prod/classes.php line 4584 [] []
[2012-11-23 20:46:28] security.INFO: Populated SecurityContext with an anonymous Token [] []
[2012-11-23 20:46:28] request.ERROR: Symfony\Component\HttpKernel\Exception\NotFoundHttpException: No route found for "GET /app/" (uncaught exception) at /var/www/Symfony/app/cache/prod/classes.php line 4584 [] []
[2012-11-23 20:46:30] security.INFO: Populated SecurityContext with an anonymous Token [] []
[2012-11-23 20:46:30] request.ERROR: Symfony\Component\HttpKernel\Exception\NotFoundHttpException: No route found for "GET /app" (uncaught exception) at /var/www/Symfony/app/cache/prod/classes.php line 4584 [] []
[2012-11-23 20:47:00] security.INFO: Populated SecurityContext with an anonymous Token [] []
[2012-11-23 20:47:00] request.ERROR: Symfony\Component\HttpKernel\Exception\NotFoundHttpException: No route found for "GET /app/register" (uncaught exception) at /var/www/Symfony/app/cache/prod/classes.php line 4584 [] []
[2012-11-23 20:51:40] security.INFO: Populated SecurityContext with an anonymous Token [] []
[2012-11-23 20:51:40] request.ERROR: Symfony\Component\HttpKernel\Exception\NotFoundHttpException: No route found for "GET /" (uncaught exception) at /var/www/Symfony/app/cache/prod/classes.php line 4584 [] []
[2012-11-23 20:53:26] security.INFO: Populated SecurityContext with an anonymous Token [] []
[2012-11-23 20:53:26] request.ERROR: Symfony\Component\HttpKernel\Exception\NotFoundHttpException: No route found for "GET /app/" (uncaught exception) at /var/www/Symfony/app/cache/prod/classes.php line 4584 [] []
[2012-12-09 03:28:32] event.DEBUG: Notified event "kernel.request" to listener "Symfony\Bundle\FrameworkBundle\EventListener\RouterListener::onEarlyKernelRequest". [] []
[2012-12-09 03:28:32] event.DEBUG: Notified event "kernel.request" to listener "Symfony\Bundle\FrameworkBundle\EventListener\SessionListener::onKernelRequest". [] []
[2012-12-09 03:28:32] event.DEBUG: Notified event "kernel.request" to listener "Symfony\Component\Security\Http\Firewall::onKernelRequest". [] []
[2012-12-09 03:28:32] security.INFO: Populated SecurityContext with an anonymous Token [] []
[2012-12-09 03:28:32] event.DEBUG: Notified event "kernel.request" to listener "Symfony\Bundle\FrameworkBundle\EventListener\RouterListener::onKernelRequest". [] []
[2012-12-09 03:28:32] event.DEBUG: Notified event "kernel.exception" to listener "Symfony\Component\Security\Http\Firewall\ExceptionListener::onKernelException". [] []
[2012-12-09 03:28:32] event.DEBUG: Notified event "kernel.exception" to listener "Symfony\Component\HttpKernel\EventListener\ExceptionListener::onKernelException". [] []
[2012-12-09 03:28:32] request.ERROR: Symfony\Component\HttpKernel\Exception\NotFoundHttpException: No route found for "GET /app/" (uncaught exception) at /var/www/Symfony/vendor/symfony/src/Symfony/Bundle/FrameworkBundle/EventListener/RouterListener.php line 83 [] []
[2012-12-09 03:28:32] event.DEBUG: Notified event "kernel.request" to listener "Symfony\Bundle\FrameworkBundle\EventListener\RouterListener::onEarlyKernelRequest". [] []
[2012-12-09 03:28:32] event.DEBUG: Notified event "kernel.request" to listener "Symfony\Bundle\FrameworkBundle\EventListener\SessionListener::onKernelRequest". [] []
[2012-12-09 03:28:32] event.DEBUG: Notified event "kernel.request" to listener "Symfony\Component\Security\Http\Firewall::onKernelRequest". [] []
[2012-12-09 03:28:32] event.DEBUG: Notified event "kernel.request" to listener "Symfony\Bundle\FrameworkBundle\EventListener\RouterListener::onKernelRequest". [] []
[2012-12-09 03:28:32] event.DEBUG: Notified event "kernel.controller" to listener "Sensio\Bundle\FrameworkExtraBundle\EventListener\ControllerListener::onKernelController". [] []
[2012-12-09 03:28:32] event.DEBUG: Notified event "kernel.controller" to listener "Sensio\Bundle\FrameworkExtraBundle\EventListener\ParamConverterListener::onKernelController". [] []
[2012-12-09 03:28:32] event.DEBUG: Notified event "kernel.controller" to listener "Sensio\Bundle\FrameworkExtraBundle\EventListener\TemplateListener::onKernelController". [] []
[2012-12-09 03:28:32] event.DEBUG: Notified event "kernel.controller" to listener "JMS\SecurityExtraBundle\Controller\ControllerListener::onCoreController". [] []
[2012-12-09 03:28:33] event.DEBUG: Notified event "kernel.response" to listener "Symfony\Component\Security\Http\Firewall\ContextListener::onKernelResponse". [] []
[2012-12-09 03:28:33] event.DEBUG: Notified event "kernel.response" to listener "Symfony\Component\HttpKernel\EventListener\ResponseListener::onKernelResponse". [] []
[2012-12-09 03:28:33] event.DEBUG: Notified event "kernel.response" to listener "Symfony\Bundle\SecurityBundle\EventListener\ResponseListener::onKernelResponse". [] []
[2012-12-09 03:28:33] event.DEBUG: Notified event "kernel.response" to listener "Sensio\Bundle\FrameworkExtraBundle\EventListener\CacheListener::onKernelResponse". [] []
[2012-12-09 03:28:33] event.DEBUG: Listener "Symfony\Component\HttpKernel\EventListener\ExceptionListener::onKernelException" stopped propagation of the event "kernel.exception". [] []
[2012-12-09 03:28:33] event.DEBUG: Notified event "kernel.response" to listener "Symfony\Component\Security\Http\Firewall\ContextListener::onKernelResponse". [] []
[2012-12-09 03:28:33] event.DEBUG: Notified event "kernel.response" to listener "Symfony\Component\HttpKernel\EventListener\ResponseListener::onKernelResponse". [] []
[2012-12-09 03:28:33] event.DEBUG: Notified event "kernel.response" to listener "Symfony\Bundle\SecurityBundle\EventListener\ResponseListener::onKernelResponse". [] []
[2012-12-09 03:28:33] event.DEBUG: Notified event "kernel.response" to listener "Sensio\Bundle\FrameworkExtraBundle\EventListener\CacheListener::onKernelResponse". [] []
[2012-12-09 03:29:59] event.DEBUG: Notified event "kernel.request" to listener "Symfony\Bundle\FrameworkBundle\EventListener\RouterListener::onEarlyKernelRequest". [] []
[2012-12-09 03:29:59] event.DEBUG: Notified event "kernel.request" to listener "Symfony\Bundle\FrameworkBundle\EventListener\SessionListener::onKernelRequest". [] []
[2012-12-09 03:29:59] event.DEBUG: Notified event "kernel.request" to listener "Symfony\Component\Security\Http\Firewall::onKernelRequest". [] []
[2012-12-09 03:29:59] security.INFO: Populated SecurityContext with an anonymous Token [] []
[2012-12-09 03:29:59] event.DEBUG: Notified event "kernel.request" to listener "Symfony\Bundle\FrameworkBundle\EventListener\RouterListener::onKernelRequest". [] []
[2012-12-09 03:29:59] request.INFO: Matched route "synry63BlogBundle_news" (parameters: "_controller": "synry63\BlogBundle\Controller\DefaultController::newsAction", "_route": "synry63BlogBundle_news") [] []
[2012-12-09 03:29:59] event.DEBUG: Notified event "kernel.exception" to listener "Symfony\Component\Security\Http\Firewall\ExceptionListener::onKernelException". [] []
[2012-12-09 03:29:59] event.DEBUG: Notified event "kernel.exception" to listener "Symfony\Component\HttpKernel\EventListener\ExceptionListener::onKernelException". [] []
[2012-12-09 03:29:59] request.CRITICAL: InvalidArgumentException: Method "synry63\BlogBundle\Controller\DefaultController::newsAction" does not exist. (uncaught exception) at /var/www/Symfony/app/cache/prod/classes.php line 4107 [] []
[2012-12-09 03:29:59] event.DEBUG: Notified event "kernel.request" to listener "Symfony\Bundle\FrameworkBundle\EventListener\RouterListener::onEarlyKernelRequest". [] []
[2012-12-09 03:29:59] event.DEBUG: Notified event "kernel.request" to listener "Symfony\Bundle\FrameworkBundle\EventListener\SessionListener::onKernelRequest". [] []
[2012-12-09 03:29:59] event.DEBUG: Notified event "kernel.request" to listener "Symfony\Component\Security\Http\Firewall::onKernelRequest". [] []
[2012-12-09 03:29:59] event.DEBUG: Notified event "kernel.request" to listener "Symfony\Bundle\FrameworkBundle\EventListener\RouterListener::onKernelRequest". [] []
[2012-12-09 03:29:59] event.DEBUG: Notified event "kernel.controller" to listener "Sensio\Bundle\FrameworkExtraBundle\EventListener\ControllerListener::onKernelController". [] []
[2012-12-09 03:29:59] event.DEBUG: Notified event "kernel.controller" to listener "Sensio\Bundle\FrameworkExtraBundle\EventListener\ParamConverterListener::onKernelController". [] []
[2012-12-09 03:29:59] event.DEBUG: Notified event "kernel.controller" to listener "Sensio\Bundle\FrameworkExtraBundle\EventListener\TemplateListener::onKernelController". [] []
[2012-12-09 03:29:59] event.DEBUG: Notified event "kernel.controller" to listener "JMS\SecurityExtraBundle\Controller\ControllerListener::onCoreController". [] []
[2012-12-09 03:30:00] event.DEBUG: Notified event "kernel.response" to listener "Symfony\Component\Security\Http\Firewall\ContextListener::onKernelResponse". [] []
[2012-12-09 03:30:00] event.DEBUG: Notified event "kernel.response" to listener "Symfony\Component\HttpKernel\EventListener\ResponseListener::onKernelResponse". [] []
[2012-12-09 03:30:00] event.DEBUG: Notified event "kernel.response" to listener "Symfony\Bundle\SecurityBundle\EventListener\ResponseListener::onKernelResponse". [] []
[2012-12-09 03:30:00] event.DEBUG: Notified event "kernel.response" to listener "Sensio\Bundle\FrameworkExtraBundle\EventListener\CacheListener::onKernelResponse". [] []
[2012-12-09 03:30:00] event.DEBUG: Listener "Symfony\Component\HttpKernel\EventListener\ExceptionListener::onKernelException" stopped propagation of the event "kernel.exception". [] []
[2012-12-09 03:30:00] event.DEBUG: Notified event "kernel.response" to listener "Symfony\Component\Security\Http\Firewall\ContextListener::onKernelResponse". [] []
[2012-12-09 03:30:00] event.DEBUG: Notified event "kernel.response" to listener "Symfony\Component\HttpKernel\EventListener\ResponseListener::onKernelResponse". [] []
[2012-12-09 03:30:00] event.DEBUG: Notified event "kernel.response" to listener "Symfony\Bundle\SecurityBundle\EventListener\ResponseListener::onKernelResponse". [] []
[2012-12-09 03:30:00] event.DEBUG: Notified event "kernel.response" to listener "Sensio\Bundle\FrameworkExtraBundle\EventListener\CacheListener::onKernelResponse". [] []
[2012-12-09 03:31:39] event.DEBUG: Notified event "kernel.request" to listener "Symfony\Bundle\FrameworkBundle\EventListener\RouterListener::onEarlyKernelRequest". [] []
[2012-12-09 03:31:39] event.DEBUG: Notified event "kernel.request" to listener "Symfony\Bundle\FrameworkBundle\EventListener\SessionListener::onKernelRequest". [] []
[2012-12-09 03:31:39] event.DEBUG: Notified event "kernel.request" to listener "Symfony\Component\Security\Http\Firewall::onKernelRequest". [] []
[2012-12-09 03:31:39] security.INFO: Populated SecurityContext with an anonymous Token [] []
[2012-12-09 03:31:39] event.DEBUG: Notified event "kernel.request" to listener "Symfony\Bundle\FrameworkBundle\EventListener\RouterListener::onKernelRequest". [] []
[2012-12-09 03:31:39] request.INFO: Matched route "synry63BlogBundle_news" (parameters: "_controller": "synry63\BlogBundle\Controller\DefaultController::newsAction", "_route": "synry63BlogBundle_news") [] []
[2012-12-09 03:31:39] event.DEBUG: Notified event "kernel.exception" to listener "Symfony\Component\Security\Http\Firewall\ExceptionListener::onKernelException". [] []
[2012-12-09 03:31:39] event.DEBUG: Notified event "kernel.exception" to listener "Symfony\Component\HttpKernel\EventListener\ExceptionListener::onKernelException". [] []
[2012-12-09 03:31:39] request.CRITICAL: InvalidArgumentException: Method "synry63\BlogBundle\Controller\DefaultController::newsAction" does not exist. (uncaught exception) at /var/www/Symfony/app/cache/prod/classes.php line 4107 [] []
[2012-12-09 03:31:39] event.DEBUG: Notified event "kernel.request" to listener "Symfony\Bundle\FrameworkBundle\EventListener\RouterListener::onEarlyKernelRequest". [] []
[2012-12-09 03:31:39] event.DEBUG: Notified event "kernel.request" to listener "Symfony\Bundle\FrameworkBundle\EventListener\SessionListener::onKernelRequest". [] []
[2012-12-09 03:31:39] event.DEBUG: Notified event "kernel.request" to listener "Symfony\Component\Security\Http\Firewall::onKernelRequest". [] []
[2012-12-09 03:31:39] event.DEBUG: Notified event "kernel.request" to listener "Symfony\Bundle\FrameworkBundle\EventListener\RouterListener::onKernelRequest". [] []
[2012-12-09 03:31:39] event.DEBUG: Notified event "kernel.controller" to listener "Sensio\Bundle\FrameworkExtraBundle\EventListener\ControllerListener::onKernelController". [] []
[2012-12-09 03:31:39] event.DEBUG: Notified event "kernel.controller" to listener "Sensio\Bundle\FrameworkExtraBundle\EventListener\ParamConverterListener::onKernelController". [] []
[2012-12-09 03:31:39] event.DEBUG: Notified event "kernel.controller" to listener "Sensio\Bundle\FrameworkExtraBundle\EventListener\TemplateListener::onKernelController". [] []
[2012-12-09 03:31:39] event.DEBUG: Notified event "kernel.controller" to listener "JMS\SecurityExtraBundle\Controller\ControllerListener::onCoreController". [] []
[2012-12-09 03:31:40] event.DEBUG: Notified event "kernel.response" to listener "Symfony\Component\Security\Http\Firewall\ContextListener::onKernelResponse". [] []
[2012-12-09 03:31:40] event.DEBUG: Notified event "kernel.response" to listener "Symfony\Component\HttpKernel\EventListener\ResponseListener::onKernelResponse". [] []
[2012-12-09 03:31:40] event.DEBUG: Notified event "kernel.response" to listener "Symfony\Bundle\SecurityBundle\EventListener\ResponseListener::onKernelResponse". [] []
[2012-12-09 03:31:40] event.DEBUG: Notified event "kernel.response" to listener "Sensio\Bundle\FrameworkExtraBundle\EventListener\CacheListener::onKernelResponse". [] []
[2012-12-09 03:31:40] event.DEBUG: Listener "Symfony\Component\HttpKernel\EventListener\ExceptionListener::onKernelException" stopped propagation of the event "kernel.exception". [] []
[2012-12-09 03:31:40] event.DEBUG: Notified event "kernel.response" to listener "Symfony\Component\Security\Http\Firewall\ContextListener::onKernelResponse". [] []
[2012-12-09 03:31:40] event.DEBUG: Notified event "kernel.response" to listener "Symfony\Component\HttpKernel\EventListener\ResponseListener::onKernelResponse". [] []
[2012-12-09 03:31:40] event.DEBUG: Notified event "kernel.response" to listener "Symfony\Bundle\SecurityBundle\EventListener\ResponseListener::onKernelResponse". [] []
[2012-12-09 03:31:40] event.DEBUG: Notified event "kernel.response" to listener "Sensio\Bundle\FrameworkExtraBundle\EventListener\CacheListener::onKernelResponse". [] []
[2012-12-09 03:32:26] event.DEBUG: Notified event "kernel.request" to listener "Symfony\Bundle\FrameworkBundle\EventListener\RouterListener::onEarlyKernelRequest". [] []
[2012-12-09 03:32:26] event.DEBUG: Notified event "kernel.request" to listener "Symfony\Bundle\FrameworkBundle\EventListener\SessionListener::onKernelRequest". [] []
[2012-12-09 03:32:26] event.DEBUG: Notified event "kernel.request" to listener "Symfony\Component\Security\Http\Firewall::onKernelRequest". [] []
[2012-12-09 03:32:26] security.INFO: Populated SecurityContext with an anonymous Token [] []
[2012-12-09 03:32:26] event.DEBUG: Notified event "kernel.request" to listener "Symfony\Bundle\FrameworkBundle\EventListener\RouterListener::onKernelRequest". [] []
[2012-12-09 03:32:26] request.INFO: Matched route "synry63BlogBundle_news" (parameters: "_controller": "synry63\BlogBundle\Controller\DefaultController::newsAction", "_route": "synry63BlogBundle_news") [] []
[2012-12-09 03:32:26] event.DEBUG: Notified event "kernel.exception" to listener "Symfony\Component\Security\Http\Firewall\ExceptionListener::onKernelException". [] []
[2012-12-09 03:32:26] event.DEBUG: Notified event "kernel.exception" to listener "Symfony\Component\HttpKernel\EventListener\ExceptionListener::onKernelException". [] []
[2012-12-09 03:32:26] request.CRITICAL: InvalidArgumentException: Method "synry63\BlogBundle\Controller\DefaultController::newsAction" does not exist. (uncaught exception) at /var/www/Symfony/app/cache/prod/classes.php line 4107 [] []
[2012-12-09 03:32:26] event.DEBUG: Notified event "kernel.request" to listener "Symfony\Bundle\FrameworkBundle\EventListener\RouterListener::onEarlyKernelRequest". [] []
[2012-12-09 03:32:26] event.DEBUG: Notified event "kernel.request" to listener "Symfony\Bundle\FrameworkBundle\EventListener\SessionListener::onKernelRequest". [] []
[2012-12-09 03:32:26] event.DEBUG: Notified event "kernel.request" to listener "Symfony\Component\Security\Http\Firewall::onKernelRequest". [] []
[2012-12-09 03:32:26] event.DEBUG: Notified event "kernel.request" to listener "Symfony\Bundle\FrameworkBundle\EventListener\RouterListener::onKernelRequest". [] []
[2012-12-09 03:32:26] event.DEBUG: Notified event "kernel.controller" to listener "Sensio\Bundle\FrameworkExtraBundle\EventListener\ControllerListener::onKernelController". [] []
[2012-12-09 03:32:26] event.DEBUG: Notified event "kernel.controller" to listener "Sensio\Bundle\FrameworkExtraBundle\EventListener\ParamConverterListener::onKernelController". [] []
[2012-12-09 03:32:26] event.DEBUG: Notified event "kernel.controller" to listener "Sensio\Bundle\FrameworkExtraBundle\EventListener\TemplateListener::onKernelController". [] []
[2012-12-09 03:32:26] event.DEBUG: Notified event "kernel.controller" to listener "JMS\SecurityExtraBundle\Controller\ControllerListener::onCoreController". [] []
[2012-12-09 03:32:26] event.DEBUG: Notified event "kernel.response" to listener "Symfony\Component\Security\Http\Firewall\ContextListener::onKernelResponse". [] []
[2012-12-09 03:32:26] event.DEBUG: Notified event "kernel.response" to listener "Symfony\Component\HttpKernel\EventListener\ResponseListener::onKernelResponse". [] []
[2012-12-09 03:32:26] event.DEBUG: Notified event "kernel.response" to listener "Symfony\Bundle\SecurityBundle\EventListener\ResponseListener::onKernelResponse". [] []
[2012-12-09 03:32:26] event.DEBUG: Notified event "kernel.response" to listener "Sensio\Bundle\FrameworkExtraBundle\EventListener\CacheListener::onKernelResponse". [] []
[2012-12-09 03:32:26] event.DEBUG: Listener "Symfony\Component\HttpKernel\EventListener\ExceptionListener::onKernelException" stopped propagation of the event "kernel.exception". [] []
[2012-12-09 03:32:26] event.DEBUG: Notified event "kernel.response" to listener "Symfony\Component\Security\Http\Firewall\ContextListener::onKernelResponse". [] []
[2012-12-09 03:32:26] event.DEBUG: Notified event "kernel.response" to listener "Symfony\Component\HttpKernel\EventListener\ResponseListener::onKernelResponse". [] []
[2012-12-09 03:32:26] event.DEBUG: Notified event "kernel.response" to listener "Symfony\Bundle\SecurityBundle\EventListener\ResponseListener::onKernelResponse". [] []
[2012-12-09 03:32:26] event.DEBUG: Notified event "kernel.response" to listener "Sensio\Bundle\FrameworkExtraBundle\EventListener\CacheListener::onKernelResponse". [] []
[2012-12-09 03:35:38] event.DEBUG: Notified event "kernel.request" to listener "Symfony\Bundle\FrameworkBundle\EventListener\RouterListener::onEarlyKernelRequest". [] []
[2012-12-09 03:35:38] event.DEBUG: Notified event "kernel.request" to listener "Symfony\Bundle\FrameworkBundle\EventListener\SessionListener::onKernelRequest". [] []
[2012-12-09 03:35:38] event.DEBUG: Notified event "kernel.request" to listener "Symfony\Component\Security\Http\Firewall::onKernelRequest". [] []
[2012-12-09 03:35:38] security.INFO: Populated SecurityContext with an anonymous Token [] []
[2012-12-09 03:35:38] event.DEBUG: Notified event "kernel.request" to listener "Symfony\Bundle\FrameworkBundle\EventListener\RouterListener::onKernelRequest". [] []
[2012-12-09 03:35:38] request.INFO: Matched route "synry63BlogBundle_news" (parameters: "_controller": "synry63\BlogBundle\Controller\DefaultController::newsAction", "_route": "synry63BlogBundle_news") [] []
[2012-12-09 03:35:38] event.DEBUG: Notified event "kernel.exception" to listener "Symfony\Component\Security\Http\Firewall\ExceptionListener::onKernelException". [] []
[2012-12-09 03:35:38] event.DEBUG: Notified event "kernel.exception" to listener "Symfony\Component\HttpKernel\EventListener\ExceptionListener::onKernelException". [] []
[2012-12-09 03:35:38] request.CRITICAL: InvalidArgumentException: Method "synry63\BlogBundle\Controller\DefaultController::newsAction" does not exist. (uncaught exception) at /var/www/Symfony/app/cache/prod/classes.php line 4107 [] []
[2012-12-09 03:35:38] event.DEBUG: Notified event "kernel.request" to listener "Symfony\Bundle\FrameworkBundle\EventListener\RouterListener::onEarlyKernelRequest". [] []
[2012-12-09 03:35:38] event.DEBUG: Notified event "kernel.request" to listener "Symfony\Bundle\FrameworkBundle\EventListener\SessionListener::onKernelRequest". [] []
[2012-12-09 03:35:38] event.DEBUG: Notified event "kernel.request" to listener "Symfony\Component\Security\Http\Firewall::onKernelRequest". [] []
[2012-12-09 03:35:38] event.DEBUG: Notified event "kernel.request" to listener "Symfony\Bundle\FrameworkBundle\EventListener\RouterListener::onKernelRequest". [] []
[2012-12-09 03:35:38] event.DEBUG: Notified event "kernel.controller" to listener "Sensio\Bundle\FrameworkExtraBundle\EventListener\ControllerListener::onKernelController". [] []
[2012-12-09 03:35:38] event.DEBUG: Notified event "kernel.controller" to listener "Sensio\Bundle\FrameworkExtraBundle\EventListener\ParamConverterListener::onKernelController". [] []
[2012-12-09 03:35:38] event.DEBUG: Notified event "kernel.controller" to listener "Sensio\Bundle\FrameworkExtraBundle\EventListener\TemplateListener::onKernelController". [] []
[2012-12-09 03:35:38] event.DEBUG: Notified event "kernel.controller" to listener "JMS\SecurityExtraBundle\Controller\ControllerListener::onCoreController". [] []
[2012-12-09 03:35:38] event.DEBUG: Notified event "kernel.response" to listener "Symfony\Component\Security\Http\Firewall\ContextListener::onKernelResponse". [] []
[2012-12-09 03:35:38] event.DEBUG: Notified event "kernel.response" to listener "Symfony\Component\HttpKernel\EventListener\ResponseListener::onKernelResponse". [] []
[2012-12-09 03:35:38] event.DEBUG: Notified event "kernel.response" to listener "Symfony\Bundle\SecurityBundle\EventListener\ResponseListener::onKernelResponse". [] []
[2012-12-09 03:35:38] event.DEBUG: Notified event "kernel.response" to listener "Sensio\Bundle\FrameworkExtraBundle\EventListener\CacheListener::onKernelResponse". [] []
[2012-12-09 03:35:38] event.DEBUG: Listener "Symfony\Component\HttpKernel\EventListener\ExceptionListener::onKernelException" stopped propagation of the event "kernel.exception". [] []
[2012-12-09 03:35:38] event.DEBUG: Notified event "kernel.response" to listener "Symfony\Component\Security\Http\Firewall\ContextListener::onKernelResponse". [] []
[2012-12-09 03:35:38] event.DEBUG: Notified event "kernel.response" to listener "Symfony\Component\HttpKernel\EventListener\ResponseListener::onKernelResponse". [] []
[2012-12-09 03:35:38] event.DEBUG: Notified event "kernel.response" to listener "Symfony\Bundle\SecurityBundle\EventListener\ResponseListener::onKernelResponse". [] []
[2012-12-09 03:35:38] event.DEBUG: Notified event "kernel.response" to listener "Sensio\Bundle\FrameworkExtraBundle\EventListener\CacheListener::onKernelResponse". [] []
[2012-12-09 03:35:40] event.DEBUG: Notified event "kernel.request" to listener "Symfony\Bundle\FrameworkBundle\EventListener\RouterListener::onEarlyKernelRequest". [] []
[2012-12-09 03:35:40] event.DEBUG: Notified event "kernel.request" to listener "Symfony\Bundle\FrameworkBundle\EventListener\SessionListener::onKernelRequest". [] []
[2012-12-09 03:35:40] event.DEBUG: Notified event "kernel.request" to listener "Symfony\Component\Security\Http\Firewall::onKernelRequest". [] []
[2012-12-09 03:35:40] security.INFO: Populated SecurityContext with an anonymous Token [] []
[2012-12-09 03:35:40] event.DEBUG: Notified event "kernel.request" to listener "Symfony\Bundle\FrameworkBundle\EventListener\RouterListener::onKernelRequest". [] []
[2012-12-09 03:35:40] request.INFO: Matched route "synry63BlogBundle_news" (parameters: "_controller": "synry63\BlogBundle\Controller\DefaultController::newsAction", "_route": "synry63BlogBundle_news") [] []
[2012-12-09 03:35:40] event.DEBUG: Notified event "kernel.exception" to listener "Symfony\Component\Security\Http\Firewall\ExceptionListener::onKernelException". [] []
[2012-12-09 03:35:40] event.DEBUG: Notified event "kernel.exception" to listener "Symfony\Component\HttpKernel\EventListener\ExceptionListener::onKernelException". [] []
[2012-12-09 03:35:40] request.CRITICAL: InvalidArgumentException: Method "synry63\BlogBundle\Controller\DefaultController::newsAction" does not exist. (uncaught exception) at /var/www/Symfony/app/cache/prod/classes.php line 4107 [] []
[2012-12-09 03:35:40] event.DEBUG: Notified event "kernel.request" to listener "Symfony\Bundle\FrameworkBundle\EventListener\RouterListener::onEarlyKernelRequest". [] []
[2012-12-09 03:35:40] event.DEBUG: Notified event "kernel.request" to listener "Symfony\Bundle\FrameworkBundle\EventListener\SessionListener::onKernelRequest". [] []
[2012-12-09 03:35:40] event.DEBUG: Notified event "kernel.request" to listener "Symfony\Component\Security\Http\Firewall::onKernelRequest". [] []
[2012-12-09 03:35:40] event.DEBUG: Notified event "kernel.request" to listener "Symfony\Bundle\FrameworkBundle\EventListener\RouterListener::onKernelRequest". [] []
[2012-12-09 03:35:40] event.DEBUG: Notified event "kernel.controller" to listener "Sensio\Bundle\FrameworkExtraBundle\EventListener\ControllerListener::onKernelController". [] []
[2012-12-09 03:35:40] event.DEBUG: Notified event "kernel.controller" to listener "Sensio\Bundle\FrameworkExtraBundle\EventListener\ParamConverterListener::onKernelController". [] []
[2012-12-09 03:35:40] event.DEBUG: Notified event "kernel.controller" to listener "Sensio\Bundle\FrameworkExtraBundle\EventListener\TemplateListener::onKernelController". [] []
[2012-12-09 03:35:40] event.DEBUG: Notified event "kernel.controller" to listener "JMS\SecurityExtraBundle\Controller\ControllerListener::onCoreController". [] []
[2012-12-09 03:35:40] event.DEBUG: Notified event "kernel.response" to listener "Symfony\Component\Security\Http\Firewall\ContextListener::onKernelResponse". [] []
[2012-12-09 03:35:40] event.DEBUG: Notified event "kernel.response" to listener "Symfony\Component\HttpKernel\EventListener\ResponseListener::onKernelResponse". [] []
[2012-12-09 03:35:40] event.DEBUG: Notified event "kernel.response" to listener "Symfony\Bundle\SecurityBundle\EventListener\ResponseListener::onKernelResponse". [] []
[2012-12-09 03:35:40] event.DEBUG: Notified event "kernel.response" to listener "Sensio\Bundle\FrameworkExtraBundle\EventListener\CacheListener::onKernelResponse". [] []
[2012-12-09 03:35:40] event.DEBUG: Listener "Symfony\Component\HttpKernel\EventListener\ExceptionListener::onKernelException" stopped propagation of the event "kernel.exception". [] []
[2012-12-09 03:35:40] event.DEBUG: Notified event "kernel.response" to listener "Symfony\Component\Security\Http\Firewall\ContextListener::onKernelResponse". [] []
[2012-12-09 03:35:40] event.DEBUG: Notified event "kernel.response" to listener "Symfony\Component\HttpKernel\EventListener\ResponseListener::onKernelResponse". [] []
[2012-12-09 03:35:40] event.DEBUG: Notified event "kernel.response" to listener "Symfony\Bundle\SecurityBundle\EventListener\ResponseListener::onKernelResponse". [] []
[2012-12-09 03:35:40] event.DEBUG: Notified event "kernel.response" to listener "Sensio\Bundle\FrameworkExtraBundle\EventListener\CacheListener::onKernelResponse". [] []
[2012-12-09 03:36:40] security.INFO: Populated SecurityContext with an anonymous Token [] []
[2012-12-09 03:36:40] request.INFO: Matched route "synry63BlogBundle_news" (parameters: "_controller": "synry63\BlogBundle\Controller\DefaultController::newsAction", "_route": "synry63BlogBundle_news") [] []
[2012-12-09 03:36:40] request.CRITICAL: InvalidArgumentException: Method "synry63\BlogBundle\Controller\DefaultController::newsAction" does not exist. (uncaught exception) at /var/www/Symfony/app/cache/prod/classes.php line 4107 [] []
[2012-12-09 03:43:39] security.INFO: Populated SecurityContext with an anonymous Token [] []
[2012-12-09 03:43:39] request.INFO: Matched route "synry63BlogBundle_news" (parameters: "_controller": "synry63\BlogBundle\Controller\DefaultController::newsAction", "_route": "synry63BlogBundle_news") [] []
[2012-12-09 03:43:39] request.CRITICAL: InvalidArgumentException: Method "synry63\BlogBundle\Controller\DefaultController::newsAction" does not exist. (uncaught exception) at /var/www/Symfony/app/cache/prod/classes.php line 4107 [] []
[2012-12-09 03:43:46] security.INFO: Populated SecurityContext with an anonymous Token [] []
[2012-12-09 03:43:46] request.INFO: Matched route "synry63BlogBundle_news" (parameters: "_controller": "synry63\BlogBundle\Controller\DefaultController::newsAction", "_route": "synry63BlogBundle_news") [] []
[2012-12-09 03:43:46] request.CRITICAL: InvalidArgumentException: Method "synry63\BlogBundle\Controller\DefaultController::newsAction" does not exist. (uncaught exception) at /var/www/Symfony/app/cache/prod/classes.php line 4107 [] []
[2012-12-09 03:43:59] security.INFO: Populated SecurityContext with an anonymous Token [] []
[2012-12-09 03:43:59] request.INFO: Matched route "synry63BlogBundle_news" (parameters: "_controller": "synry63\BlogBundle\Controller\DefaultController::newsAction", "_route": "synry63BlogBundle_news") [] []
[2012-12-09 03:43:59] request.CRITICAL: InvalidArgumentException: Method "synry63\BlogBundle\Controller\DefaultController::newsAction" does not exist. (uncaught exception) at /var/www/Symfony/app/cache/prod/classes.php line 4107 [] []
[2012-12-09 03:44:11] security.INFO: Populated SecurityContext with an anonymous Token [] []
[2012-12-09 03:44:11] request.INFO: Matched route "synry63BlogBundle_news" (parameters: "_controller": "synry63\BlogBundle\Controller\DefaultController::newsAction", "_route": "synry63BlogBundle_news") [] []
[2012-12-09 03:44:11] request.CRITICAL: InvalidArgumentException: Method "synry63\BlogBundle\Controller\DefaultController::newsAction" does not exist. (uncaught exception) at /var/www/Symfony/app/cache/prod/classes.php line 4107 [] []
[2012-12-09 03:44:40] security.INFO: Populated SecurityContext with an anonymous Token [] []
[2012-12-09 03:44:40] request.INFO: Matched route "synry63BlogBundle_news" (parameters: "_controller": "synry63\BlogBundle\Controller\DefaultController::newsAction", "_route": "synry63BlogBundle_news") [] []
[2012-12-09 03:44:40] request.CRITICAL: InvalidArgumentException: Method "synry63\BlogBundle\Controller\DefaultController::newsAction" does not exist. (uncaught exception) at /var/www/Symfony/vendor/symfony/src/Symfony/Component/HttpKernel/Controller/ControllerResolver.php line 78 [] []
[2012-12-09 03:46:56] security.INFO: Populated SecurityContext with an anonymous Token [] []
[2012-12-09 03:46:56] request.INFO: Matched route "synry63BlogBundle_news" (parameters: "_controller": "synry63\BlogBundle\Controller\DefaultController::newsAction", "_route": "synry63BlogBundle_news") [] []
[2012-12-09 03:46:56] request.CRITICAL: InvalidArgumentException: Method "synry63\BlogBundle\Controller\DefaultController::newsAction" does not exist. (uncaught exception) at /var/www/Symfony/app/cache/prod/classes.php line 4107 [] []
[2012-12-09 03:47:12] security.INFO: Populated SecurityContext with an anonymous Token [] []
[2012-12-09 03:47:12] request.ERROR: Symfony\Component\HttpKernel\Exception\NotFoundHttpException: No route found for "GET /news" (uncaught exception) at /var/www/Symfony/vendor/symfony/src/Symfony/Bundle/FrameworkBundle/EventListener/RouterListener.php line 83 [] []
[2012-12-09 03:50:26] security.INFO: Populated SecurityContext with an anonymous Token [] []
[2012-12-09 03:50:26] request.ERROR: Symfony\Component\HttpKernel\Exception\NotFoundHttpException: No route found for "GET /news" (uncaught exception) at /var/www/Symfony/app/cache/prod/classes.php line 4584 [] []
[2012-12-09 03:50:29] security.INFO: Populated SecurityContext with an anonymous Token [] []
[2012-12-09 03:50:29] request.INFO: Matched route "_welcome" (parameters: "_controller": "synry63\BlogBundle\Controller\DefaultController::indexAction", "_route": "_welcome") [] []
[2012-12-09 03:50:29] request.CRITICAL: Twig_Error_Runtime: An exception has been thrown during the rendering of a template ("Route "synry63BlogBundle_news" does not exist.") in "::layout.html.twig" at line 15. (uncaught exception) at /var/www/Symfony/app/cache/prod/classes.php line 8328 [] []
[2012-12-09 03:50:32] security.INFO: Populated SecurityContext with an anonymous Token [] []
[2012-12-09 03:50:32] request.INFO: Matched route "_welcome" (parameters: "_controller": "synry63\BlogBundle\Controller\DefaultController::indexAction", "_route": "_welcome") [] []
[2012-12-09 03:50:32] request.CRITICAL: Twig_Error_Runtime: An exception has been thrown during the rendering of a template ("Route "synry63BlogBundle_news" does not exist.") in "::layout.html.twig" at line 15. (uncaught exception) at /var/www/Symfony/app/cache/prod/classes.php line 8328 [] []
[2012-12-09 03:50:36] security.INFO: Populated SecurityContext with an anonymous Token [] []
[2012-12-09 03:50:36] request.INFO: Matched route "_welcome" (parameters: "_controller": "synry63\BlogBundle\Controller\DefaultController::indexAction", "_route": "_welcome") [] []
[2012-12-09 03:50:36] request.CRITICAL: Twig_Error_Runtime: An exception has been thrown during the rendering of a template ("Route "synry63BlogBundle_news" does not exist.") in "::layout.html.twig" at line 15. (uncaught exception) at /var/www/Symfony/app/cache/prod/classes.php line 8328 [] []
[2012-12-09 03:50:53] security.INFO: Populated SecurityContext with an anonymous Token [] []
[2012-12-09 03:50:53] request.INFO: Matched route "_welcome" (parameters: "_controller": "synry63\BlogBundle\Controller\DefaultController::indexAction", "_route": "_welcome") [] []
[2012-12-09 03:50:53] request.CRITICAL: Twig_Error_Runtime: An exception has been thrown during the rendering of a template ("Route "synry63BlogBundle_news" does not exist.") in "::layout.html.twig" at line 15. (uncaught exception) at /var/www/Symfony/app/cache/prod/classes.php line 8328 [] []
[2012-12-09 03:53:25] security.INFO: Populated SecurityContext with an anonymous Token [] []
[2012-12-09 03:53:25] request.INFO: Matched route "_welcome" (parameters: "_controller": "synry63\BlogBundle\Controller\DefaultController::indexAction", "_route": "_welcome") [] []
[2012-12-09 03:53:25] request.CRITICAL: Twig_Error_Runtime: An exception has been thrown during the rendering of a template ("Route "synry63BlogBundle_news" does not exist.") in "::layout.html.twig" at line 15. (uncaught exception) at /var/www/Symfony/app/cache/prod/classes.php line 8328 [] []
[2012-12-09 03:57:33] security.INFO: Populated SecurityContext with an anonymous Token [] []
[2012-12-09 03:57:33] request.INFO: Matched route "_welcome" (parameters: "_controller": "synry63\BlogBundle\Controller\DefaultController::indexAction", "_route": "_welcome") [] []
[2012-12-09 03:57:33] request.CRITICAL: Twig_Error_Runtime: An exception has been thrown during the rendering of a template ("Route "synry63BlogBundle_news" does not exist.") in "::layout.html.twig" at line 15. (uncaught exception) at /var/www/Symfony/app/cache/prod/classes.php line 8328 [] []
[2012-12-09 03:58:16] security.INFO: Populated SecurityContext with an anonymous Token [] []
[2012-12-09 03:58:16] request.ERROR: Symfony\Component\HttpKernel\Exception\NotFoundHttpException: No route found for "GET /app/" (uncaught exception) at /var/www/Symfony/app/cache/prod/classes.php line 4584 [] []
[2012-12-09 03:58:19] security.INFO: Populated SecurityContext with an anonymous Token [] []
[2012-12-09 03:58:19] request.ERROR: Symfony\Component\HttpKernel\Exception\NotFoundHttpException: No route found for "GET /app/" (uncaught exception) at /var/www/Symfony/app/cache/prod/classes.php line 4584 [] []
[2012-12-09 03:58:22] security.INFO: Populated SecurityContext with an anonymous Token [] []
[2012-12-09 03:58:22] request.ERROR: Symfony\Component\HttpKernel\Exception\NotFoundHttpException: No route found for "GET /app/" (uncaught exception) at /var/www/Symfony/app/cache/prod/classes.php line 4584 [] []
[2012-12-09 03:58:46] security.INFO: Populated SecurityContext with an anonymous Token [] []
[2012-12-09 03:58:46] request.ERROR: Symfony\Component\HttpKernel\Exception\NotFoundHttpException: No route found for "GET /app/" (uncaught exception) at /var/www/Symfony/vendor/symfony/src/Symfony/Bundle/FrameworkBundle/EventListener/RouterListener.php line 83 [] []
[2012-12-09 03:58:50] security.INFO: Populated SecurityContext with an anonymous Token [] []
[2012-12-09 03:58:50] request.INFO: Matched route "synry63BlogBundle_news" (parameters: "_controller": "synry63\BlogBundle\Controller\DefaultController::newsAction", "_route": "synry63BlogBundle_news") [] []
[2012-12-09 03:58:50] request.CRITICAL: LogicException: The controller must return a response (null given). Did you forget to add a return statement somewhere in your controller? (uncaught exception) at /var/www/Symfony/app/cache/prod/classes.php line 3941 [] []
[2012-12-09 04:00:58] security.INFO: Populated SecurityContext with an anonymous Token [] []
[2012-12-09 04:00:58] request.ERROR: Symfony\Component\HttpKernel\Exception\NotFoundHttpException: No route found for "GET /jijio" (uncaught exception) at /var/www/Symfony/app/cache/prod/classes.php line 4584 [] []
[2012-12-09 04:02:11] security.INFO: Populated SecurityContext with an anonymous Token [] []
[2012-12-09 04:02:11] request.ERROR: Symfony\Component\HttpKernel\Exception\NotFoundHttpException: No route found for "GET /jijio" (uncaught exception) at /var/www/Symfony/app/cache/prod/classes.php line 4584 [] []
[2012-12-09 04:31:30] security.DEBUG: Read SecurityContext from the session [] []
[2012-12-09 04:31:30] security.DEBUG: Reloading user from user provider. [] []
[2012-12-09 04:31:30] security.DEBUG: Username "admin" was reloaded from user provider. [] []
[2012-12-09 04:31:30] request.ERROR: Symfony\Component\HttpKernel\Exception\NotFoundHttpException: No route found for "GET /admin" (uncaught exception) at /var/www/Symfony/app/cache/prod/classes.php line 4584 [] []
[2012-12-09 04:31:30] security.DEBUG: Write SecurityContext in the session [] []
[2012-12-09 04:31:39] security.DEBUG: Read SecurityContext from the session [] []
[2012-12-09 04:31:39] security.DEBUG: Reloading user from user provider. [] []
[2012-12-09 04:31:39] security.DEBUG: Username "admin" was reloaded from user provider. [] []
[2012-12-09 04:31:39] security.DEBUG: Access is denied (and user is neither anonymous, nor remember-me) [] []
[2012-12-09 04:31:39] request.ERROR: Symfony\Component\HttpKernel\Exception\AccessDeniedHttpException: Access Denied (uncaught exception) at /var/www/Symfony/vendor/symfony/src/Symfony/Component/Security/Http/Firewall/ExceptionListener.php line 130 [] []
[2012-12-09 04:31:39] security.DEBUG: Write SecurityContext in the session [] []
[2012-12-14 23:47:43] security.INFO: Populated SecurityContext with an anonymous Token [] []
[2012-12-14 23:47:43] request.INFO: Matched route "_welcome" (parameters: "_controller": "synry63\BlogBundle\Controller\DefaultController::indexAction", "_route": "_welcome") [] []
[2012-12-14 23:47:43] request.CRITICAL: InvalidArgumentException: The parameter "valeur_max_image" must be defined. (uncaught exception) at /var/www/Symfony/app/cache/prod/appProdProjectContainer.php line 825 [] []
[2012-12-17 08:47:50] security.INFO: Populated SecurityContext with an anonymous Token [] []
[2012-12-17 08:47:50] request.INFO: Matched route "_welcome" (parameters: "_controller": "synry63\BlogBundle\Controller\DefaultController::indexAction", "_route": "_welcome") [] []
[2012-12-17 08:47:51] request.CRITICAL: InvalidArgumentException: The parameter "valeur_max_image" must be defined. (uncaught exception) at /var/www/Symfony/app/cache/prod/appProdProjectContainer.php line 825 [] []
[2012-12-17 08:47:54] security.INFO: Populated SecurityContext with an anonymous Token [] []
[2012-12-17 08:47:54] request.INFO: Matched route "_welcome" (parameters: "_controller": "synry63\BlogBundle\Controller\DefaultController::indexAction", "_route": "_welcome") [] []
[2012-12-17 08:47:54] request.CRITICAL: InvalidArgumentException: The parameter "valeur_max_image" must be defined. (uncaught exception) at /var/www/Symfony/app/cache/prod/appProdProjectContainer.php line 825 [] []
[2012-12-17 08:48:00] security.INFO: Populated SecurityContext with an anonymous Token [] []
[2012-12-17 08:48:00] request.INFO: Matched route "_welcome" (parameters: "_controller": "synry63\BlogBundle\Controller\DefaultController::indexAction", "_route": "_welcome") [] []
[2012-12-17 08:48:00] request.CRITICAL: InvalidArgumentException: The parameter "valeur_max_image" must be defined. (uncaught exception) at /var/www/Symfony/app/cache/prod/appProdProjectContainer.php line 825 [] []
[2012-12-17 08:57:32] security.INFO: Populated SecurityContext with an anonymous Token [] []
[2012-12-17 08:57:32] request.INFO: Matched route "_welcome" (parameters: "_controller": "synry63\BlogBundle\Controller\DefaultController::indexAction", "_route": "_welcome") [] []
[2012-12-17 08:57:33] request.CRITICAL: InvalidArgumentException: The parameter "valeur_max_image" must be defined. (uncaught exception) at /var/www/Symfony/app/cache/prod/appProdProjectContainer.php line 825 [] []
[2012-12-17 09:21:43] security.INFO: Populated SecurityContext with an anonymous Token [] []
[2012-12-17 09:21:43] request.INFO: Matched route "_welcome" (parameters: "_controller": "synry63\BlogBundle\Controller\DefaultController::indexAction", "_route": "_welcome") [] []
[2012-12-17 09:21:43] request.CRITICAL: InvalidArgumentException: The parameter "valeur_max_image" must be defined. (uncaught exception) at /var/www/Symfony/app/cache/prod/appProdProjectContainer.php line 825 [] []
